[2023-01-04T16:58:25.088443+01:00] cafe.DEBUG: Action_Par_Defaut Cas_Par_Defaut [] {"IP":"::1"}
[2023-01-04T16:58:31.105310+01:00] cafe.DEBUG: Se connecter Cas_Par_Defaut [] {"IP":"::1"}
[2023-01-04T16:58:31.476259+01:00] cafe.DEBUG: Se connecter Cas_Par_Defaut [] {"IP":"::1"}
[2023-01-04T16:58:33.715832+01:00] cafe.DEBUG: Action_Par_Defaut Gerer_Panier [] {"IP":"::1"}
[2023-01-04T16:58:35.783658+01:00] cafe.DEBUG: validerPanier Gerer_Panier [] {"IP":"::1"}
[2023-01-04T17:01:03.982939+01:00] cafe.DEBUG: Action_Par_Defaut Gerer_Panier [] {"IP":"::1"}
[2023-01-04T17:08:35.856628+01:00] cafe.DEBUG: Action_Par_Defaut Gerer_Panier [] {"IP":"::1"}
[2023-01-04T17:08:37.149432+01:00] cafe.DEBUG: Action_Par_Defaut Gerer_MonCompte_Salarie  [] {"IP":"::1"}
[2023-01-04T17:08:37.786472+01:00] cafe.DEBUG: Action_Par_Defaut Gerer_Panier [] {"IP":"::1"}
[2023-01-04T17:08:38.579967+01:00] cafe.DEBUG: Action_Par_Defaut Gerer_MonCompte_Salarie  [] {"IP":"::1"}
[2023-01-04T17:08:39.632555+01:00] cafe.DEBUG: Action_Par_Defaut Gerer_catalogue [] {"IP":"::1"}
[2023-01-04T17:08:41.553368+01:00] cafe.DEBUG: AjoutPanierClient Cas_Par_Defaut [] {"IP":"::1"}
[2023-01-04T17:08:42.763939+01:00] cafe.DEBUG: Action_Par_Defaut Gerer_Panier [] {"IP":"::1"}
[2023-01-04T17:09:05.533862+01:00] cafe.DEBUG: validerPanier Gerer_Panier [] {"IP":"::1"}
[2023-01-04T17:11:21.959561+01:00] cafe.DEBUG: Se connecter Cas_Par_Defaut [] {"IP":"::1"}
[2023-01-04T17:11:22.039090+01:00] cafe.DEBUG: Se connecter Cas_Par_Defaut [] {"IP":"::1"}
[2023-01-04T17:11:24.289001+01:00] cafe.DEBUG: AjoutPanierClient Cas_Par_Defaut [] {"IP":"::1"}
[2023-01-04T17:11:25.652586+01:00] cafe.DEBUG: Action_Par_Defaut Gerer_Panier [] {"IP":"::1"}
[2023-01-04T17:11:26.443012+01:00] cafe.DEBUG: validerPanier Gerer_Panier [] {"IP":"::1"}
[2023-01-04T17:11:44.399166+01:00] cafe.DEBUG: Action_Par_Defaut Gerer_Panier [] {"IP":"::1"}
[2023-01-04T17:15:17.638464+01:00] cafe.DEBUG: Action_Par_Defaut Gerer_catalogue [] {"IP":"::1"}
[2023-01-04T17:15:19.024910+01:00] cafe.DEBUG: AjoutPanierClient Cas_Par_Defaut [] {"IP":"::1"}
[2023-01-04T17:15:19.620180+01:00] cafe.DEBUG: Action_Par_Defaut Gerer_Panier [] {"IP":"::1"}
[2023-01-04T17:15:20.170629+01:00] cafe.DEBUG: validerPanier Gerer_Panier [] {"IP":"::1"}
[2023-01-04T17:15:21.268464+01:00] cafe.DEBUG: Action_Par_Defaut Gerer_Panier [] {"IP":"::1"}
[2023-01-04T17:15:33.258819+01:00] cafe.DEBUG: Action_Par_Defaut Gerer_Panier [] {"IP":"::1"}
[2023-01-04T17:15:34.164957+01:00] cafe.DEBUG: Action_Par_Defaut Gerer_catalogue [] {"IP":"::1"}
[2023-01-04T17:15:35.590095+01:00] cafe.DEBUG: AjoutPanierClient Cas_Par_Defaut [] {"IP":"::1"}
[2023-01-04T17:15:39.329735+01:00] cafe.DEBUG: boutonCategorie Gerer_catalogue [] {"IP":"::1"}
[2023-01-04T17:15:40.461739+01:00] cafe.DEBUG: AjoutPanierClient Cas_Par_Defaut [] {"IP":"::1"}
[2023-01-04T17:15:41.828083+01:00] cafe.DEBUG: Action_Par_Defaut Gerer_Panier [] {"IP":"::1"}
[2023-01-04T17:15:42.739225+01:00] cafe.DEBUG: validerPanier Gerer_Panier [] {"IP":"::1"}
[2023-01-04T17:15:44.553930+01:00] cafe.DEBUG: Action_Par_Defaut Gerer_Panier [] {"IP":"::1"}
[2023-01-04T17:28:34.990599+01:00] cafe.DEBUG: AjoutPanierClient Cas_Par_Defaut [] {"IP":"::1"}
[2023-01-04T17:28:35.868879+01:00] cafe.DEBUG: AjoutPanierClient Cas_Par_Defaut [] {"IP":"::1"}
[2023-01-04T17:28:36.971001+01:00] cafe.DEBUG: AjoutPanierClient Cas_Par_Defaut [] {"IP":"::1"}
[2023-01-04T17:28:37.896203+01:00] cafe.DEBUG: Action_Par_Defaut Gerer_Panier [] {"IP":"::1"}
[2023-01-04T17:28:38.543734+01:00] cafe.DEBUG: validerPanier Gerer_Panier [] {"IP":"::1"}
[2023-01-04T17:28:53.241348+01:00] cafe.DEBUG: Action_Par_Defaut Gerer_Panier [] {"IP":"::1"}
[2023-01-04T17:33:34.050766+01:00] cafe.DEBUG: Action_Par_Defaut Gerer_catalogue [] {"IP":"::1"}
[2023-01-04T17:33:34.816583+01:00] cafe.DEBUG: Action_Par_Defaut Gerer_Panier [] {"IP":"::1"}
[2023-01-04T17:33:35.599757+01:00] cafe.DEBUG: Action_Par_Defaut Gerer_MonCompte_Salarie  [] {"IP":"::1"}
[2023-01-04T17:33:36.128108+01:00] cafe.DEBUG: Action_Par_Defaut Gerer_catalogue [] {"IP":"::1"}
[2023-01-04T17:33:36.995832+01:00] cafe.DEBUG: AjoutPanierClient Cas_Par_Defaut [] {"IP":"::1"}
[2023-01-04T17:33:37.677671+01:00] cafe.DEBUG: Action_Par_Defaut Gerer_Panier [] {"IP":"::1"}
[2023-01-04T17:33:38.405690+01:00] cafe.DEBUG: validerPanier Gerer_Panier [] {"IP":"::1"}
[2023-01-04T17:33:40.121372+01:00] cafe.DEBUG: Action_Par_Defaut Gerer_Panier [] {"IP":"::1"}
[2023-01-04T17:34:59.462776+01:00] cafe.DEBUG: Action_Par_Defaut Gerer_Panier [] {"IP":"::1"}
[2023-01-04T17:35:01.023441+01:00] cafe.DEBUG: Action_Par_Defaut Gerer_MonCompte_Salarie  [] {"IP":"::1"}
[2023-01-04T17:35:01.568567+01:00] cafe.DEBUG: Action_Par_Defaut Gerer_catalogue [] {"IP":"::1"}
[2023-01-04T17:35:02.515984+01:00] cafe.DEBUG: AjoutPanierClient Cas_Par_Defaut [] {"IP":"::1"}
[2023-01-04T17:35:03.166085+01:00] cafe.DEBUG: Action_Par_Defaut Gerer_Panier [] {"IP":"::1"}
[2023-01-04T17:35:03.926061+01:00] cafe.DEBUG: augmenterQTT Gerer_Panier [] {"IP":"::1"}
[2023-01-04T17:35:33.660960+01:00] cafe.DEBUG: Action_Par_Defaut Gerer_Panier [] {"IP":"::1"}
[2023-01-04T17:35:34.741934+01:00] cafe.DEBUG: Action_Par_Defaut Gerer_Panier [] {"IP":"::1"}
[2023-01-04T17:35:35.848358+01:00] cafe.DEBUG: augmenterQTT Gerer_Panier [] {"IP":"::1"}
[2023-01-04T17:35:36.878890+01:00] cafe.DEBUG: augmenterQTT Gerer_Panier [] {"IP":"::1"}
[2023-01-04T17:36:46.735168+01:00] cafe.DEBUG: augmenterQTT Gerer_Panier [] {"IP":"::1"}
[2023-01-04T17:36:48.264823+01:00] cafe.DEBUG: augmenterQTT Gerer_Panier [] {"IP":"::1"}
[2023-01-04T17:36:49.368682+01:00] cafe.DEBUG: augmenterQTT Gerer_Panier [] {"IP":"::1"}
[2023-01-04T17:36:50.119418+01:00] cafe.DEBUG: augmenterQTT Gerer_Panier [] {"IP":"::1"}
[2023-01-04T17:36:59.994408+01:00] cafe.DEBUG: augmenterQTT Gerer_Panier [] {"IP":"::1"}
[2023-01-04T17:37:01.007869+01:00] cafe.DEBUG: augmenterQTT Gerer_Panier [] {"IP":"::1"}
[2023-01-04T17:37:01.840249+01:00] cafe.DEBUG: augmenterQTT Gerer_Panier [] {"IP":"::1"}
[2023-01-04T17:37:07.574579+01:00] cafe.DEBUG: augmenterQTT Gerer_Panier [] {"IP":"::1"}
[2023-01-04T17:37:08.641438+01:00] cafe.DEBUG: augmenterQTT Gerer_Panier [] {"IP":"::1"}
[2023-01-04T17:37:10.017287+01:00] cafe.DEBUG: augmenterQTT Gerer_Panier [] {"IP":"::1"}
[2023-01-04T17:39:11.035771+01:00] cafe.DEBUG: augmenterQTT Gerer_Panier [] {"IP":"::1"}
[2023-01-04T17:39:12.270722+01:00] cafe.DEBUG: Action_Par_Defaut Gerer_catalogue [] {"IP":"::1"}
[2023-01-04T17:39:13.250383+01:00] cafe.DEBUG: Action_Par_Defaut Gerer_Panier [] {"IP":"::1"}
[2023-01-04T17:39:14.529732+01:00] cafe.DEBUG: validerPanier Gerer_Panier [] {"IP":"::1"}
[2023-01-04T17:39:17.093708+01:00] cafe.DEBUG: Action_Par_Defaut Gerer_Panier [] {"IP":"::1"}
[2023-01-04T17:39:27.425751+01:00] cafe.DEBUG: validerPanier Gerer_Panier [] {"IP":"::1"}
[2023-01-04T17:39:28.810836+01:00] cafe.DEBUG: Action_Par_Defaut Gerer_Panier [] {"IP":"::1"}
[2023-01-04T17:39:40.987408+01:00] cafe.DEBUG: Action_Par_Defaut Gerer_MonCompte_Salarie  [] {"IP":"::1"}
[2023-01-04T17:39:42.398077+01:00] cafe.DEBUG: Action_Par_Defaut Gerer_catalogue [] {"IP":"::1"}
[2023-01-04T17:39:44.163167+01:00] cafe.DEBUG: Action_Par_Defaut Gerer_MonCompte_Salarie  [] {"IP":"::1"}
[2023-01-04T17:39:46.365828+01:00] cafe.DEBUG: Action_Par_Defaut Gerer_catalogue [] {"IP":"::1"}
[2023-01-04T17:39:47.731693+01:00] cafe.DEBUG: Action_Par_Defaut Gerer_MonCompte_Salarie  [] {"IP":"::1"}
[2023-01-04T17:39:48.836728+01:00] cafe.DEBUG: Action_Par_Defaut Gerer_catalogue [] {"IP":"::1"}
[2023-01-04T17:39:50.424204+01:00] cafe.DEBUG: Action_Par_Defaut Gerer_MonCompte_Salarie  [] {"IP":"::1"}
[2023-01-04T17:39:51.204737+01:00] cafe.DEBUG: Action_Par_Defaut Gerer_catalogue [] {"IP":"::1"}
